{"C:\\Users\\stefd\\OneDrive\\Bureaublad\\School\\BabyPlanner\\src\\app.js": {"path":"C:\\Users\\stefd\\OneDrive\\Bureaublad\\School\\BabyPlanner\\src\\app.js","statementMap":{"0":{"start":{"line":36,"column":29},"end":{"line":36,"column":36}},"1":{"start":{"line":38,"column":19},"end":{"line":38,"column":28}},"2":{"start":{"line":40,"column":0},"end":{"line":40,"column":34}},"3":{"start":{"line":42,"column":0},"end":{"line":46,"column":2}},"4":{"start":{"line":49,"column":0},"end":{"line":49,"column":24}},"5":{"start":{"line":52,"column":12},"end":{"line":55,"column":2}},"6":{"start":{"line":56,"column":0},"end":{"line":56,"column":30}},"7":{"start":{"line":57,"column":0},"end":{"line":57,"column":30}},"8":{"start":{"line":58,"column":0},"end":{"line":58,"column":50}},"9":{"start":{"line":60,"column":0},"end":{"line":60,"column":27}},"10":{"start":{"line":61,"column":0},"end":{"line":61,"column":51}},"11":{"start":{"line":64,"column":0},"end":{"line":64,"column":25}},"12":{"start":{"line":65,"column":0},"end":{"line":65,"column":46}},"13":{"start":{"line":66,"column":0},"end":{"line":66,"column":25}},"14":{"start":{"line":67,"column":0},"end":{"line":67,"column":56}},"15":{"start":{"line":68,"column":0},"end":{"line":68,"column":38}},"16":{"start":{"line":69,"column":0},"end":{"line":69,"column":72}},"17":{"start":{"line":70,"column":0},"end":{"line":70,"column":39}},"18":{"start":{"line":71,"column":0},"end":{"line":71,"column":73}},"19":{"start":{"line":72,"column":0},"end":{"line":72,"column":46}},"20":{"start":{"line":73,"column":0},"end":{"line":73,"column":44}},"21":{"start":{"line":74,"column":0},"end":{"line":74,"column":34}},"22":{"start":{"line":75,"column":0},"end":{"line":75,"column":44}},"23":{"start":{"line":76,"column":0},"end":{"line":76,"column":44}},"24":{"start":{"line":79,"column":0},"end":{"line":79,"column":77}},"25":{"start":{"line":79,"column":42},"end":{"line":79,"column":75}},"26":{"start":{"line":80,"column":0},"end":{"line":82,"column":2}},"27":{"start":{"line":81,"column":2},"end":{"line":81,"column":41}},"28":{"start":{"line":83,"column":0},"end":{"line":85,"column":2}},"29":{"start":{"line":84,"column":2},"end":{"line":84,"column":38}},"30":{"start":{"line":86,"column":0},"end":{"line":86,"column":79}},"31":{"start":{"line":86,"column":41},"end":{"line":86,"column":77}},"32":{"start":{"line":89,"column":0},"end":{"line":89,"column":78}},"33":{"start":{"line":89,"column":43},"end":{"line":89,"column":76}},"34":{"start":{"line":90,"column":0},"end":{"line":92,"column":2}},"35":{"start":{"line":91,"column":2},"end":{"line":91,"column":41}},"36":{"start":{"line":93,"column":0},"end":{"line":93,"column":78}},"37":{"start":{"line":93,"column":42},"end":{"line":93,"column":76}},"38":{"start":{"line":94,"column":0},"end":{"line":96,"column":2}},"39":{"start":{"line":95,"column":2},"end":{"line":95,"column":38}},"40":{"start":{"line":97,"column":0},"end":{"line":97,"column":79}},"41":{"start":{"line":97,"column":41},"end":{"line":97,"column":77}},"42":{"start":{"line":100,"column":0},"end":{"line":100,"column":79}},"43":{"start":{"line":100,"column":43},"end":{"line":100,"column":77}},"44":{"start":{"line":101,"column":0},"end":{"line":103,"column":2}},"45":{"start":{"line":102,"column":2},"end":{"line":102,"column":42}},"46":{"start":{"line":104,"column":0},"end":{"line":104,"column":80}},"47":{"start":{"line":104,"column":43},"end":{"line":104,"column":78}},"48":{"start":{"line":105,"column":0},"end":{"line":107,"column":2}},"49":{"start":{"line":106,"column":2},"end":{"line":106,"column":39}},"50":{"start":{"line":108,"column":0},"end":{"line":110,"column":2}},"51":{"start":{"line":109,"column":2},"end":{"line":109,"column":39}},"52":{"start":{"line":113,"column":0},"end":{"line":113,"column":79}},"53":{"start":{"line":113,"column":43},"end":{"line":113,"column":77}},"54":{"start":{"line":114,"column":0},"end":{"line":116,"column":2}},"55":{"start":{"line":115,"column":2},"end":{"line":115,"column":42}},"56":{"start":{"line":117,"column":0},"end":{"line":117,"column":80}},"57":{"start":{"line":117,"column":43},"end":{"line":117,"column":78}},"58":{"start":{"line":118,"column":0},"end":{"line":120,"column":2}},"59":{"start":{"line":119,"column":2},"end":{"line":119,"column":39}},"60":{"start":{"line":121,"column":0},"end":{"line":123,"column":2}},"61":{"start":{"line":122,"column":2},"end":{"line":122,"column":39}},"62":{"start":{"line":126,"column":0},"end":{"line":128,"column":2}},"63":{"start":{"line":127,"column":2},"end":{"line":127,"column":38}},"64":{"start":{"line":129,"column":0},"end":{"line":131,"column":2}},"65":{"start":{"line":130,"column":2},"end":{"line":130,"column":44}},"66":{"start":{"line":132,"column":0},"end":{"line":134,"column":2}},"67":{"start":{"line":133,"column":2},"end":{"line":133,"column":39}},"68":{"start":{"line":135,"column":0},"end":{"line":137,"column":2}},"69":{"start":{"line":136,"column":2},"end":{"line":136,"column":41}},"70":{"start":{"line":138,"column":0},"end":{"line":140,"column":2}},"71":{"start":{"line":139,"column":2},"end":{"line":139,"column":41}}},"fnMap":{"0":{"name":"(anonymous_0)","decl":{"start":{"line":79,"column":22},"end":{"line":79,"column":23}},"loc":{"start":{"line":79,"column":42},"end":{"line":79,"column":75}},"line":79},"1":{"name":"(anonymous_1)","decl":{"start":{"line":80,"column":25},"end":{"line":80,"column":26}},"loc":{"start":{"line":81,"column":2},"end":{"line":81,"column":41}},"line":81},"2":{"name":"(anonymous_2)","decl":{"start":{"line":83,"column":28},"end":{"line":83,"column":29}},"loc":{"start":{"line":84,"column":2},"end":{"line":84,"column":38}},"line":84},"3":{"name":"(anonymous_3)","decl":{"start":{"line":86,"column":21},"end":{"line":86,"column":22}},"loc":{"start":{"line":86,"column":41},"end":{"line":86,"column":77}},"line":86},"4":{"name":"(anonymous_4)","decl":{"start":{"line":89,"column":23},"end":{"line":89,"column":24}},"loc":{"start":{"line":89,"column":43},"end":{"line":89,"column":76}},"line":89},"5":{"name":"(anonymous_5)","decl":{"start":{"line":90,"column":25},"end":{"line":90,"column":26}},"loc":{"start":{"line":91,"column":2},"end":{"line":91,"column":41}},"line":91},"6":{"name":"(anonymous_6)","decl":{"start":{"line":93,"column":22},"end":{"line":93,"column":23}},"loc":{"start":{"line":93,"column":42},"end":{"line":93,"column":76}},"line":93},"7":{"name":"(anonymous_7)","decl":{"start":{"line":94,"column":28},"end":{"line":94,"column":29}},"loc":{"start":{"line":95,"column":2},"end":{"line":95,"column":38}},"line":95},"8":{"name":"(anonymous_8)","decl":{"start":{"line":97,"column":21},"end":{"line":97,"column":22}},"loc":{"start":{"line":97,"column":41},"end":{"line":97,"column":77}},"line":97},"9":{"name":"(anonymous_9)","decl":{"start":{"line":100,"column":23},"end":{"line":100,"column":24}},"loc":{"start":{"line":100,"column":43},"end":{"line":100,"column":77}},"line":100},"10":{"name":"(anonymous_10)","decl":{"start":{"line":101,"column":26},"end":{"line":101,"column":27}},"loc":{"start":{"line":102,"column":2},"end":{"line":102,"column":42}},"line":102},"11":{"name":"(anonymous_11)","decl":{"start":{"line":104,"column":23},"end":{"line":104,"column":24}},"loc":{"start":{"line":104,"column":43},"end":{"line":104,"column":78}},"line":104},"12":{"name":"(anonymous_12)","decl":{"start":{"line":105,"column":29},"end":{"line":105,"column":30}},"loc":{"start":{"line":106,"column":2},"end":{"line":106,"column":39}},"line":106},"13":{"name":"(anonymous_13)","decl":{"start":{"line":108,"column":22},"end":{"line":108,"column":23}},"loc":{"start":{"line":109,"column":2},"end":{"line":109,"column":39}},"line":109},"14":{"name":"(anonymous_14)","decl":{"start":{"line":113,"column":23},"end":{"line":113,"column":24}},"loc":{"start":{"line":113,"column":43},"end":{"line":113,"column":77}},"line":113},"15":{"name":"(anonymous_15)","decl":{"start":{"line":114,"column":26},"end":{"line":114,"column":27}},"loc":{"start":{"line":115,"column":2},"end":{"line":115,"column":42}},"line":115},"16":{"name":"(anonymous_16)","decl":{"start":{"line":117,"column":23},"end":{"line":117,"column":24}},"loc":{"start":{"line":117,"column":43},"end":{"line":117,"column":78}},"line":117},"17":{"name":"(anonymous_17)","decl":{"start":{"line":118,"column":29},"end":{"line":118,"column":30}},"loc":{"start":{"line":119,"column":2},"end":{"line":119,"column":39}},"line":119},"18":{"name":"(anonymous_18)","decl":{"start":{"line":121,"column":22},"end":{"line":121,"column":23}},"loc":{"start":{"line":122,"column":2},"end":{"line":122,"column":39}},"line":122},"19":{"name":"(anonymous_19)","decl":{"start":{"line":126,"column":25},"end":{"line":126,"column":26}},"loc":{"start":{"line":127,"column":2},"end":{"line":127,"column":38}},"line":127},"20":{"name":"(anonymous_20)","decl":{"start":{"line":129,"column":28},"end":{"line":129,"column":29}},"loc":{"start":{"line":130,"column":2},"end":{"line":130,"column":44}},"line":130},"21":{"name":"(anonymous_21)","decl":{"start":{"line":132,"column":25},"end":{"line":132,"column":26}},"loc":{"start":{"line":133,"column":2},"end":{"line":133,"column":39}},"line":133},"22":{"name":"(anonymous_22)","decl":{"start":{"line":135,"column":31},"end":{"line":135,"column":32}},"loc":{"start":{"line":136,"column":2},"end":{"line":136,"column":41}},"line":136},"23":{"name":"(anonymous_23)","decl":{"start":{"line":138,"column":24},"end":{"line":138,"column":25}},"loc":{"start":{"line":139,"column":2},"end":{"line":139,"column":41}},"line":139}},"branchMap":{},"s":{"0":5,"1":5,"2":5,"3":5,"4":5,"5":5,"6":5,"7":5,"8":5,"9":5,"10":5,"11":5,"12":5,"13":5,"14":5,"15":5,"16":5,"17":5,"18":5,"19":5,"20":5,"21":5,"22":5,"23":5,"24":5,"25":1,"26":5,"27":1,"28":5,"29":1,"30":5,"31":1,"32":5,"33":1,"34":5,"35":1,"36":5,"37":1,"38":5,"39":1,"40":5,"41":1,"42":5,"43":1,"44":5,"45":1,"46":5,"47":1,"48":5,"49":1,"50":5,"51":1,"52":5,"53":1,"54":5,"55":1,"56":5,"57":1,"58":5,"59":1,"60":5,"61":1,"62":5,"63":1,"64":5,"65":1,"66":5,"67":1,"68":5,"69":1,"70":5,"71":1},"f":{"0":1,"1":1,"2":1,"3":1,"4":1,"5":1,"6":1,"7":1,"8":1,"9":1,"10":1,"11":1,"12":1,"13":1,"14":1,"15":1,"16":1,"17":1,"18":1,"19":1,"20":1,"21":1,"22":1,"23":1},"b":{},"_coverageSchema":"1a1c01bbd47fc00a2c39e90264f33305004495a9","hash":"0ca4956ca0be6129857bd806186c76fec4af18fd"}
,"C:\\Users\\stefd\\OneDrive\\Bureaublad\\School\\BabyPlanner\\src\\consts.js": {"path":"C:\\Users\\stefd\\OneDrive\\Bureaublad\\School\\BabyPlanner\\src\\consts.js","statementMap":{"0":{"start":{"line":5,"column":27},"end":{"line":5,"column":46}}},"fnMap":{},"branchMap":{},"s":{"0":5},"f":{},"b":{},"_coverageSchema":"1a1c01bbd47fc00a2c39e90264f33305004495a9","hash":"a3d5bc2475a9622791b2098b0053f3d9f52be8c6"}
,"C:\\Users\\stefd\\OneDrive\\Bureaublad\\School\\BabyPlanner\\src\\controllers\\authentication.js": {"path":"C:\\Users\\stefd\\OneDrive\\Bureaublad\\School\\BabyPlanner\\src\\controllers\\authentication.js","statementMap":{"0":{"start":{"line":1,"column":31},"end":{"line":7,"column":1}},"1":{"start":{"line":4,"column":2},"end":{"line":6,"column":5}}},"fnMap":{"0":{"name":"(anonymous_0)","decl":{"start":{"line":1,"column":31},"end":{"line":1,"column":32}},"loc":{"start":{"line":1,"column":45},"end":{"line":7,"column":1}},"line":1}},"branchMap":{},"s":{"0":5,"1":0},"f":{"0":0},"b":{},"_coverageSchema":"1a1c01bbd47fc00a2c39e90264f33305004495a9","hash":"8c56c32d7ba568bed12ed84d7e787db520482269"}
,"C:\\Users\\stefd\\OneDrive\\Bureaublad\\School\\BabyPlanner\\src\\controllers\\familySettings.js": {"path":"C:\\Users\\stefd\\OneDrive\\Bureaublad\\School\\BabyPlanner\\src\\controllers\\familySettings.js","statementMap":{"0":{"start":{"line":1,"column":30},"end":{"line":3,"column":1}},"1":{"start":{"line":2,"column":2},"end":{"line":2,"column":36}}},"fnMap":{"0":{"name":"(anonymous_0)","decl":{"start":{"line":1,"column":30},"end":{"line":1,"column":31}},"loc":{"start":{"line":1,"column":44},"end":{"line":3,"column":1}},"line":1}},"branchMap":{},"s":{"0":5,"1":0},"f":{"0":0},"b":{},"_coverageSchema":"1a1c01bbd47fc00a2c39e90264f33305004495a9","hash":"cd9fb5ff57b92ba063c255a4345f579fa9b6e941"}
,"C:\\Users\\stefd\\OneDrive\\Bureaublad\\School\\BabyPlanner\\src\\controllers\\group-name.js": {"path":"C:\\Users\\stefd\\OneDrive\\Bureaublad\\School\\BabyPlanner\\src\\controllers\\group-name.js","statementMap":{"0":{"start":{"line":1,"column":25},"end":{"line":3,"column":1}},"1":{"start":{"line":2,"column":2},"end":{"line":2,"column":31}}},"fnMap":{"0":{"name":"(anonymous_0)","decl":{"start":{"line":1,"column":25},"end":{"line":1,"column":26}},"loc":{"start":{"line":1,"column":39},"end":{"line":3,"column":1}},"line":1}},"branchMap":{},"s":{"0":5,"1":0},"f":{"0":0},"b":{},"_coverageSchema":"1a1c01bbd47fc00a2c39e90264f33305004495a9","hash":"993b8402f4732958833c0e5257fdcb1173472d20"}
,"C:\\Users\\stefd\\OneDrive\\Bureaublad\\School\\BabyPlanner\\src\\controllers\\home.js": {"path":"C:\\Users\\stefd\\OneDrive\\Bureaublad\\School\\BabyPlanner\\src\\controllers\\home.js","statementMap":{"0":{"start":{"line":1,"column":20},"end":{"line":33,"column":1}},"1":{"start":{"line":2,"column":18},"end":{"line":11,"column":3}},"2":{"start":{"line":13,"column":15},"end":{"line":20,"column":3}},"3":{"start":{"line":22,"column":19},"end":{"line":26,"column":3}},"4":{"start":{"line":28,"column":2},"end":{"line":32,"column":5}}},"fnMap":{"0":{"name":"(anonymous_0)","decl":{"start":{"line":1,"column":20},"end":{"line":1,"column":21}},"loc":{"start":{"line":1,"column":34},"end":{"line":33,"column":1}},"line":1}},"branchMap":{},"s":{"0":5,"1":0,"2":0,"3":0,"4":0},"f":{"0":0},"b":{},"_coverageSchema":"1a1c01bbd47fc00a2c39e90264f33305004495a9","hash":"2f190114f1d5ea60839473cf5c2561c5a2072a56"}
,"C:\\Users\\stefd\\OneDrive\\Bureaublad\\School\\BabyPlanner\\src\\controllers\\import-contacts.js": {"path":"C:\\Users\\stefd\\OneDrive\\Bureaublad\\School\\BabyPlanner\\src\\controllers\\import-contacts.js","statementMap":{"0":{"start":{"line":1,"column":30},"end":{"line":3,"column":1}},"1":{"start":{"line":2,"column":2},"end":{"line":2,"column":27}}},"fnMap":{"0":{"name":"(anonymous_0)","decl":{"start":{"line":1,"column":30},"end":{"line":1,"column":31}},"loc":{"start":{"line":1,"column":44},"end":{"line":3,"column":1}},"line":1}},"branchMap":{},"s":{"0":5,"1":0},"f":{"0":0},"b":{},"_coverageSchema":"1a1c01bbd47fc00a2c39e90264f33305004495a9","hash":"ad1599d4b92d0afb7fa8bfd2969e34c912178db2"}
,"C:\\Users\\stefd\\OneDrive\\Bureaublad\\School\\BabyPlanner\\src\\controllers\\login.js": {"path":"C:\\Users\\stefd\\OneDrive\\Bureaublad\\School\\BabyPlanner\\src\\controllers\\login.js","statementMap":{"0":{"start":{"line":6,"column":21},"end":{"line":50,"column":1}},"1":{"start":{"line":7,"column":2},"end":{"line":10,"column":3}},"2":{"start":{"line":8,"column":4},"end":{"line":8,"column":22}},"3":{"start":{"line":9,"column":4},"end":{"line":9,"column":11}},"4":{"start":{"line":13,"column":21},"end":{"line":13,"column":57}},"5":{"start":{"line":16,"column":17},"end":{"line":44,"column":3}},"6":{"start":{"line":46,"column":2},"end":{"line":49,"column":5}},"7":{"start":{"line":52,"column":25},"end":{"line":99,"column":1}},"8":{"start":{"line":53,"column":2},"end":{"line":98,"column":3}},"9":{"start":{"line":64,"column":27},"end":{"line":64,"column":64}},"10":{"start":{"line":66,"column":17},"end":{"line":68,"column":6}},"11":{"start":{"line":69,"column":4},"end":{"line":69,"column":22}},"12":{"start":{"line":71,"column":4},"end":{"line":74,"column":5}},"13":{"start":{"line":72,"column":6},"end":{"line":72,"column":63}},"14":{"start":{"line":73,"column":6},"end":{"line":73,"column":20}},"15":{"start":{"line":77,"column":20},"end":{"line":77,"column":73}},"16":{"start":{"line":79,"column":4},"end":{"line":82,"column":5}},"17":{"start":{"line":80,"column":6},"end":{"line":80,"column":62}},"18":{"start":{"line":81,"column":6},"end":{"line":81,"column":20}},"19":{"start":{"line":85,"column":18},"end":{"line":89,"column":5}},"20":{"start":{"line":92,"column":4},"end":{"line":92,"column":51}},"21":{"start":{"line":95,"column":4},"end":{"line":95,"column":22}},"22":{"start":{"line":97,"column":4},"end":{"line":97,"column":27}}},"fnMap":{"0":{"name":"(anonymous_0)","decl":{"start":{"line":6,"column":21},"end":{"line":6,"column":22}},"loc":{"start":{"line":6,"column":35},"end":{"line":50,"column":1}},"line":6},"1":{"name":"(anonymous_1)","decl":{"start":{"line":52,"column":25},"end":{"line":52,"column":26}},"loc":{"start":{"line":52,"column":51},"end":{"line":99,"column":1}},"line":52}},"branchMap":{"0":{"loc":{"start":{"line":7,"column":2},"end":{"line":10,"column":3}},"type":"if","locations":[{"start":{"line":7,"column":2},"end":{"line":10,"column":3}},{"start":{},"end":{}}],"line":7},"1":{"loc":{"start":{"line":13,"column":21},"end":{"line":13,"column":57}},"type":"cond-expr","locations":[{"start":{"line":13,"column":38},"end":{"line":13,"column":52}},{"start":{"line":13,"column":55},"end":{"line":13,"column":57}}],"line":13},"2":{"loc":{"start":{"line":23,"column":15},"end":{"line":23,"column":52}},"type":"cond-expr","locations":[{"start":{"line":23,"column":33},"end":{"line":23,"column":47}},{"start":{"line":23,"column":50},"end":{"line":23,"column":52}}],"line":23},"3":{"loc":{"start":{"line":24,"column":15},"end":{"line":24,"column":76}},"type":"cond-expr","locations":[{"start":{"line":24,"column":45},"end":{"line":24,"column":71}},{"start":{"line":24,"column":74},"end":{"line":24,"column":76}}],"line":24},"4":{"loc":{"start":{"line":30,"column":15},"end":{"line":30,"column":60}},"type":"cond-expr","locations":[{"start":{"line":30,"column":37},"end":{"line":30,"column":55}},{"start":{"line":30,"column":58},"end":{"line":30,"column":60}}],"line":30},"5":{"loc":{"start":{"line":31,"column":15},"end":{"line":33,"column":14}},"type":"cond-expr","locations":[{"start":{"line":32,"column":12},"end":{"line":32,"column":42}},{"start":{"line":33,"column":12},"end":{"line":33,"column":14}}],"line":31},"6":{"loc":{"start":{"line":71,"column":4},"end":{"line":74,"column":5}},"type":"if","locations":[{"start":{"line":71,"column":4},"end":{"line":74,"column":5}},{"start":{},"end":{}}],"line":71},"7":{"loc":{"start":{"line":79,"column":4},"end":{"line":82,"column":5}},"type":"if","locations":[{"start":{"line":79,"column":4},"end":{"line":82,"column":5}},{"start":{},"end":{}}],"line":79}},"s":{"0":5,"1":0,"2":0,"3":0,"4":0,"5":0,"6":0,"7":5,"8":0,"9":0,"10":0,"11":0,"12":0,"13":0,"14":0,"15":0,"16":0,"17":0,"18":0,"19":0,"20":0,"21":0,"22":0},"f":{"0":0,"1":0},"b":{"0":[0,0],"1":[0,0],"2":[0,0],"3":[0,0],"4":[0,0],"5":[0,0],"6":[0,0],"7":[0,0]},"_coverageSchema":"1a1c01bbd47fc00a2c39e90264f33305004495a9","hash":"4b49b15f6d56e86c76d83b5bb7782ed2d1fd3af3"}
,"C:\\Users\\stefd\\OneDrive\\Bureaublad\\School\\BabyPlanner\\src\\controllers\\register-1.js": {"path":"C:\\Users\\stefd\\OneDrive\\Bureaublad\\School\\BabyPlanner\\src\\controllers\\register-1.js","statementMap":{"0":{"start":{"line":5,"column":29},"end":{"line":85,"column":1}},"1":{"start":{"line":7,"column":21},"end":{"line":7,"column":57}},"2":{"start":{"line":10,"column":17},"end":{"line":80,"column":3}},"3":{"start":{"line":81,"column":2},"end":{"line":84,"column":5}},"4":{"start":{"line":87,"column":28},"end":{"line":131,"column":1}},"5":{"start":{"line":88,"column":2},"end":{"line":130,"column":3}},"6":{"start":{"line":89,"column":19},"end":{"line":89,"column":40}},"7":{"start":{"line":91,"column":4},"end":{"line":98,"column":5}},"8":{"start":{"line":92,"column":6},"end":{"line":92,"column":32}},"9":{"start":{"line":94,"column":6},"end":{"line":96,"column":9}},"10":{"start":{"line":95,"column":8},"end":{"line":95,"column":42}},"11":{"start":{"line":97,"column":6},"end":{"line":97,"column":20}},"12":{"start":{"line":99,"column":27},"end":{"line":99,"column":64}},"13":{"start":{"line":101,"column":17},"end":{"line":103,"column":6}},"14":{"start":{"line":105,"column":4},"end":{"line":108,"column":5}},"15":{"start":{"line":106,"column":6},"end":{"line":106,"column":65}},"16":{"start":{"line":107,"column":6},"end":{"line":107,"column":20}},"17":{"start":{"line":111,"column":27},"end":{"line":111,"column":66}},"18":{"start":{"line":114,"column":4},"end":{"line":123,"column":7}},"19":{"start":{"line":126,"column":4},"end":{"line":126,"column":32}},"20":{"start":{"line":129,"column":4},"end":{"line":129,"column":27}}},"fnMap":{"0":{"name":"(anonymous_0)","decl":{"start":{"line":5,"column":29},"end":{"line":5,"column":30}},"loc":{"start":{"line":5,"column":43},"end":{"line":85,"column":1}},"line":5},"1":{"name":"(anonymous_1)","decl":{"start":{"line":87,"column":28},"end":{"line":87,"column":29}},"loc":{"start":{"line":87,"column":54},"end":{"line":131,"column":1}},"line":87},"2":{"name":"(anonymous_2)","decl":{"start":{"line":94,"column":29},"end":{"line":94,"column":30}},"loc":{"start":{"line":94,"column":49},"end":{"line":96,"column":7}},"line":94}},"branchMap":{"0":{"loc":{"start":{"line":7,"column":21},"end":{"line":7,"column":57}},"type":"cond-expr","locations":[{"start":{"line":7,"column":38},"end":{"line":7,"column":52}},{"start":{"line":7,"column":55},"end":{"line":7,"column":57}}],"line":7},"1":{"loc":{"start":{"line":18,"column":15},"end":{"line":18,"column":58}},"type":"cond-expr","locations":[{"start":{"line":18,"column":36},"end":{"line":18,"column":53}},{"start":{"line":18,"column":56},"end":{"line":18,"column":58}}],"line":18},"2":{"loc":{"start":{"line":19,"column":15},"end":{"line":21,"column":14}},"type":"cond-expr","locations":[{"start":{"line":20,"column":12},"end":{"line":20,"column":41}},{"start":{"line":21,"column":12},"end":{"line":21,"column":14}}],"line":19},"3":{"loc":{"start":{"line":28,"column":15},"end":{"line":28,"column":64}},"type":"cond-expr","locations":[{"start":{"line":28,"column":39},"end":{"line":28,"column":59}},{"start":{"line":28,"column":62},"end":{"line":28,"column":64}}],"line":28},"4":{"loc":{"start":{"line":29,"column":15},"end":{"line":31,"column":14}},"type":"cond-expr","locations":[{"start":{"line":30,"column":12},"end":{"line":30,"column":44}},{"start":{"line":31,"column":12},"end":{"line":31,"column":14}}],"line":29},"5":{"loc":{"start":{"line":38,"column":15},"end":{"line":38,"column":60}},"type":"cond-expr","locations":[{"start":{"line":38,"column":37},"end":{"line":38,"column":55}},{"start":{"line":38,"column":58},"end":{"line":38,"column":60}}],"line":38},"6":{"loc":{"start":{"line":39,"column":15},"end":{"line":41,"column":14}},"type":"cond-expr","locations":[{"start":{"line":40,"column":12},"end":{"line":40,"column":42}},{"start":{"line":41,"column":12},"end":{"line":41,"column":14}}],"line":39},"7":{"loc":{"start":{"line":48,"column":15},"end":{"line":48,"column":58}},"type":"cond-expr","locations":[{"start":{"line":48,"column":36},"end":{"line":48,"column":53}},{"start":{"line":48,"column":56},"end":{"line":48,"column":58}}],"line":48},"8":{"loc":{"start":{"line":49,"column":15},"end":{"line":51,"column":14}},"type":"cond-expr","locations":[{"start":{"line":50,"column":12},"end":{"line":50,"column":41}},{"start":{"line":51,"column":12},"end":{"line":51,"column":14}}],"line":49},"9":{"loc":{"start":{"line":58,"column":15},"end":{"line":58,"column":72}},"type":"cond-expr","locations":[{"start":{"line":58,"column":43},"end":{"line":58,"column":67}},{"start":{"line":58,"column":70},"end":{"line":58,"column":72}}],"line":58},"10":{"loc":{"start":{"line":59,"column":15},"end":{"line":61,"column":14}},"type":"cond-expr","locations":[{"start":{"line":60,"column":12},"end":{"line":60,"column":48}},{"start":{"line":61,"column":12},"end":{"line":61,"column":14}}],"line":59},"11":{"loc":{"start":{"line":68,"column":15},"end":{"line":68,"column":52}},"type":"cond-expr","locations":[{"start":{"line":68,"column":33},"end":{"line":68,"column":47}},{"start":{"line":68,"column":50},"end":{"line":68,"column":52}}],"line":68},"12":{"loc":{"start":{"line":69,"column":15},"end":{"line":69,"column":76}},"type":"cond-expr","locations":[{"start":{"line":69,"column":45},"end":{"line":69,"column":71}},{"start":{"line":69,"column":74},"end":{"line":69,"column":76}}],"line":69},"13":{"loc":{"start":{"line":91,"column":4},"end":{"line":98,"column":5}},"type":"if","locations":[{"start":{"line":91,"column":4},"end":{"line":98,"column":5}},{"start":{},"end":{}}],"line":91},"14":{"loc":{"start":{"line":105,"column":4},"end":{"line":108,"column":5}},"type":"if","locations":[{"start":{"line":105,"column":4},"end":{"line":108,"column":5}},{"start":{},"end":{}}],"line":105}},"s":{"0":5,"1":0,"2":0,"3":0,"4":5,"5":1,"6":1,"7":1,"8":0,"9":0,"10":0,"11":0,"12":1,"13":1,"14":1,"15":0,"16":0,"17":1,"18":1,"19":1,"20":0},"f":{"0":0,"1":1,"2":0},"b":{"0":[0,0],"1":[0,0],"2":[0,0],"3":[0,0],"4":[0,0],"5":[0,0],"6":[0,0],"7":[0,0],"8":[0,0],"9":[0,0],"10":[0,0],"11":[0,0],"12":[0,0],"13":[0,1],"14":[0,1]},"_coverageSchema":"1a1c01bbd47fc00a2c39e90264f33305004495a9","hash":"82d5bf4b8199e6babed0962a69d382628a86e5f0"}
,"C:\\Users\\stefd\\OneDrive\\Bureaublad\\School\\BabyPlanner\\src\\controllers\\register-2.js": {"path":"C:\\Users\\stefd\\OneDrive\\Bureaublad\\School\\BabyPlanner\\src\\controllers\\register-2.js","statementMap":{"0":{"start":{"line":4,"column":30},"end":{"line":35,"column":1}},"1":{"start":{"line":6,"column":21},"end":{"line":6,"column":57}},"2":{"start":{"line":9,"column":17},"end":{"line":29,"column":3}},"3":{"start":{"line":31,"column":2},"end":{"line":34,"column":5}},"4":{"start":{"line":37,"column":29},"end":{"line":66,"column":1}},"5":{"start":{"line":38,"column":17},"end":{"line":38,"column":38}},"6":{"start":{"line":40,"column":2},"end":{"line":47,"column":3}},"7":{"start":{"line":41,"column":4},"end":{"line":41,"column":30}},"8":{"start":{"line":43,"column":4},"end":{"line":45,"column":7}},"9":{"start":{"line":44,"column":6},"end":{"line":44,"column":40}},"10":{"start":{"line":46,"column":4},"end":{"line":46,"column":18}},"11":{"start":{"line":48,"column":25},"end":{"line":48,"column":62}},"12":{"start":{"line":49,"column":2},"end":{"line":65,"column":3}},"13":{"start":{"line":50,"column":17},"end":{"line":50,"column":41}},"14":{"start":{"line":51,"column":25},"end":{"line":51,"column":39}},"15":{"start":{"line":52,"column":4},"end":{"line":52,"column":26}},"16":{"start":{"line":55,"column":4},"end":{"line":58,"column":7}},"17":{"start":{"line":61,"column":4},"end":{"line":61,"column":38}},"18":{"start":{"line":64,"column":4},"end":{"line":64,"column":27}}},"fnMap":{"0":{"name":"(anonymous_0)","decl":{"start":{"line":4,"column":30},"end":{"line":4,"column":31}},"loc":{"start":{"line":4,"column":44},"end":{"line":35,"column":1}},"line":4},"1":{"name":"(anonymous_1)","decl":{"start":{"line":37,"column":29},"end":{"line":37,"column":30}},"loc":{"start":{"line":37,"column":55},"end":{"line":66,"column":1}},"line":37},"2":{"name":"(anonymous_2)","decl":{"start":{"line":43,"column":27},"end":{"line":43,"column":28}},"loc":{"start":{"line":43,"column":47},"end":{"line":45,"column":5}},"line":43}},"branchMap":{"0":{"loc":{"start":{"line":6,"column":21},"end":{"line":6,"column":57}},"type":"cond-expr","locations":[{"start":{"line":6,"column":38},"end":{"line":6,"column":52}},{"start":{"line":6,"column":55},"end":{"line":6,"column":57}}],"line":6},"1":{"loc":{"start":{"line":40,"column":2},"end":{"line":47,"column":3}},"type":"if","locations":[{"start":{"line":40,"column":2},"end":{"line":47,"column":3}},{"start":{},"end":{}}],"line":40}},"s":{"0":5,"1":0,"2":0,"3":0,"4":5,"5":0,"6":0,"7":0,"8":0,"9":0,"10":0,"11":0,"12":0,"13":0,"14":0,"15":0,"16":0,"17":0,"18":0},"f":{"0":0,"1":0,"2":0},"b":{"0":[0,0],"1":[0,0]},"_coverageSchema":"1a1c01bbd47fc00a2c39e90264f33305004495a9","hash":"00096888b9db176752ad84aea62be8cba831bdb7"}
,"C:\\Users\\stefd\\OneDrive\\Bureaublad\\School\\BabyPlanner\\src\\controllers\\selectContacts.js": {"path":"C:\\Users\\stefd\\OneDrive\\Bureaublad\\School\\BabyPlanner\\src\\controllers\\selectContacts.js","statementMap":{"0":{"start":{"line":1,"column":30},"end":{"line":7,"column":1}},"1":{"start":{"line":4,"column":2},"end":{"line":6,"column":5}}},"fnMap":{"0":{"name":"(anonymous_0)","decl":{"start":{"line":1,"column":30},"end":{"line":1,"column":31}},"loc":{"start":{"line":1,"column":44},"end":{"line":7,"column":1}},"line":1}},"branchMap":{},"s":{"0":5,"1":0},"f":{"0":0},"b":{},"_coverageSchema":"1a1c01bbd47fc00a2c39e90264f33305004495a9","hash":"68e25ed1e57ceb8f8ebc1c7245b357ecaa9ef890"}
,"C:\\Users\\stefd\\OneDrive\\Bureaublad\\School\\BabyPlanner\\src\\controllers\\start.js": {"path":"C:\\Users\\stefd\\OneDrive\\Bureaublad\\School\\BabyPlanner\\src\\controllers\\start.js","statementMap":{"0":{"start":{"line":1,"column":21},"end":{"line":7,"column":1}},"1":{"start":{"line":4,"column":2},"end":{"line":6,"column":5}}},"fnMap":{"0":{"name":"(anonymous_0)","decl":{"start":{"line":1,"column":21},"end":{"line":1,"column":22}},"loc":{"start":{"line":1,"column":35},"end":{"line":7,"column":1}},"line":1}},"branchMap":{},"s":{"0":5,"1":0},"f":{"0":0},"b":{},"_coverageSchema":"1a1c01bbd47fc00a2c39e90264f33305004495a9","hash":"1344f870b6260e36a3e8b1c327a477fec8018909"}
,"C:\\Users\\stefd\\OneDrive\\Bureaublad\\School\\BabyPlanner\\src\\controllers\\validate-account.js": {"path":"C:\\Users\\stefd\\OneDrive\\Bureaublad\\School\\BabyPlanner\\src\\controllers\\validate-account.js","statementMap":{"0":{"start":{"line":1,"column":31},"end":{"line":7,"column":1}},"1":{"start":{"line":4,"column":2},"end":{"line":6,"column":5}}},"fnMap":{"0":{"name":"(anonymous_0)","decl":{"start":{"line":1,"column":31},"end":{"line":1,"column":32}},"loc":{"start":{"line":1,"column":45},"end":{"line":7,"column":1}},"line":1}},"branchMap":{},"s":{"0":5,"1":0},"f":{"0":0},"b":{},"_coverageSchema":"1a1c01bbd47fc00a2c39e90264f33305004495a9","hash":"0ffdd8ca44b3a445d962f1cf8cc27f2519e70e58"}
,"C:\\Users\\stefd\\OneDrive\\Bureaublad\\School\\BabyPlanner\\src\\controllers\\api\\object.js": {"path":"C:\\Users\\stefd\\OneDrive\\Bureaublad\\School\\BabyPlanner\\src\\controllers\\api\\object.js","statementMap":{"0":{"start":{"line":3,"column":26},"end":{"line":3,"column":33}},"1":{"start":{"line":5,"column":25},"end":{"line":32,"column":1}},"2":{"start":{"line":6,"column":2},"end":{"line":31,"column":3}},"3":{"start":{"line":8,"column":25},"end":{"line":8,"column":35}},"4":{"start":{"line":10,"column":29},"end":{"line":10,"column":70}},"5":{"start":{"line":11,"column":26},"end":{"line":11,"column":51}},"6":{"start":{"line":12,"column":26},"end":{"line":12,"column":76}},"7":{"start":{"line":12,"column":54},"end":{"line":12,"column":75}},"8":{"start":{"line":13,"column":4},"end":{"line":27,"column":5}},"9":{"start":{"line":14,"column":21},"end":{"line":14,"column":66}},"10":{"start":{"line":16,"column":6},"end":{"line":21,"column":8}},"11":{"start":{"line":24,"column":6},"end":{"line":26,"column":73}},"12":{"start":{"line":30,"column":4},"end":{"line":30,"column":20}},"13":{"start":{"line":34,"column":31},"end":{"line":57,"column":1}},"14":{"start":{"line":35,"column":2},"end":{"line":56,"column":3}},"15":{"start":{"line":37,"column":17},"end":{"line":37,"column":27}},"16":{"start":{"line":39,"column":4},"end":{"line":39,"column":57}},"17":{"start":{"line":39,"column":13},"end":{"line":39,"column":57}},"18":{"start":{"line":42,"column":29},"end":{"line":42,"column":70}},"19":{"start":{"line":43,"column":26},"end":{"line":43,"column":51}},"20":{"start":{"line":44,"column":26},"end":{"line":44,"column":76}},"21":{"start":{"line":44,"column":54},"end":{"line":44,"column":75}},"22":{"start":{"line":45,"column":4},"end":{"line":45,"column":26}},"23":{"start":{"line":47,"column":19},"end":{"line":50,"column":6}},"24":{"start":{"line":52,"column":4},"end":{"line":52,"column":79}},"25":{"start":{"line":52,"column":17},"end":{"line":52,"column":79}},"26":{"start":{"line":53,"column":4},"end":{"line":53,"column":33}},"27":{"start":{"line":55,"column":4},"end":{"line":55,"column":20}},"28":{"start":{"line":59,"column":26},"end":{"line":69,"column":1}},"29":{"start":{"line":60,"column":2},"end":{"line":68,"column":3}},"30":{"start":{"line":62,"column":29},"end":{"line":62,"column":70}},"31":{"start":{"line":64,"column":4},"end":{"line":64,"column":42}},"32":{"start":{"line":65,"column":4},"end":{"line":65,"column":61}},"33":{"start":{"line":67,"column":4},"end":{"line":67,"column":20}},"34":{"start":{"line":71,"column":28},"end":{"line":85,"column":1}},"35":{"start":{"line":72,"column":2},"end":{"line":84,"column":3}},"36":{"start":{"line":73,"column":19},"end":{"line":73,"column":29}},"37":{"start":{"line":74,"column":4},"end":{"line":74,"column":60}},"38":{"start":{"line":74,"column":13},"end":{"line":74,"column":60}},"39":{"start":{"line":75,"column":29},"end":{"line":75,"column":70}},"40":{"start":{"line":76,"column":19},"end":{"line":78,"column":6}},"41":{"start":{"line":79,"column":4},"end":{"line":79,"column":79}},"42":{"start":{"line":79,"column":17},"end":{"line":79,"column":79}},"43":{"start":{"line":80,"column":4},"end":{"line":80,"column":42}},"44":{"start":{"line":81,"column":4},"end":{"line":81,"column":77}},"45":{"start":{"line":83,"column":4},"end":{"line":83,"column":24}},"46":{"start":{"line":87,"column":28},"end":{"line":101,"column":1}},"47":{"start":{"line":88,"column":2},"end":{"line":100,"column":3}},"48":{"start":{"line":89,"column":29},"end":{"line":89,"column":70}},"49":{"start":{"line":90,"column":19},"end":{"line":92,"column":6}},"50":{"start":{"line":93,"column":4},"end":{"line":96,"column":7}},"51":{"start":{"line":97,"column":4},"end":{"line":97,"column":77}},"52":{"start":{"line":99,"column":4},"end":{"line":99,"column":24}}},"fnMap":{"0":{"name":"(anonymous_0)","decl":{"start":{"line":5,"column":25},"end":{"line":5,"column":26}},"loc":{"start":{"line":5,"column":63},"end":{"line":32,"column":1}},"line":5},"1":{"name":"(anonymous_1)","decl":{"start":{"line":12,"column":40},"end":{"line":12,"column":41}},"loc":{"start":{"line":12,"column":54},"end":{"line":12,"column":75}},"line":12},"2":{"name":"(anonymous_2)","decl":{"start":{"line":34,"column":31},"end":{"line":34,"column":32}},"loc":{"start":{"line":34,"column":69},"end":{"line":57,"column":1}},"line":34},"3":{"name":"(anonymous_3)","decl":{"start":{"line":44,"column":40},"end":{"line":44,"column":41}},"loc":{"start":{"line":44,"column":54},"end":{"line":44,"column":75}},"line":44},"4":{"name":"(anonymous_4)","decl":{"start":{"line":59,"column":26},"end":{"line":59,"column":27}},"loc":{"start":{"line":59,"column":64},"end":{"line":69,"column":1}},"line":59},"5":{"name":"(anonymous_5)","decl":{"start":{"line":71,"column":28},"end":{"line":71,"column":29}},"loc":{"start":{"line":71,"column":66},"end":{"line":85,"column":1}},"line":71},"6":{"name":"(anonymous_6)","decl":{"start":{"line":87,"column":28},"end":{"line":87,"column":29}},"loc":{"start":{"line":87,"column":66},"end":{"line":101,"column":1}},"line":87}},"branchMap":{"0":{"loc":{"start":{"line":13,"column":4},"end":{"line":27,"column":5}},"type":"if","locations":[{"start":{"line":13,"column":4},"end":{"line":27,"column":5}},{"start":{"line":22,"column":11},"end":{"line":27,"column":5}}],"line":13},"1":{"loc":{"start":{"line":39,"column":4},"end":{"line":39,"column":57}},"type":"if","locations":[{"start":{"line":39,"column":4},"end":{"line":39,"column":57}},{"start":{},"end":{}}],"line":39},"2":{"loc":{"start":{"line":52,"column":4},"end":{"line":52,"column":79}},"type":"if","locations":[{"start":{"line":52,"column":4},"end":{"line":52,"column":79}},{"start":{},"end":{}}],"line":52},"3":{"loc":{"start":{"line":74,"column":4},"end":{"line":74,"column":60}},"type":"if","locations":[{"start":{"line":74,"column":4},"end":{"line":74,"column":60}},{"start":{},"end":{}}],"line":74},"4":{"loc":{"start":{"line":79,"column":4},"end":{"line":79,"column":79}},"type":"if","locations":[{"start":{"line":79,"column":4},"end":{"line":79,"column":79}},{"start":{},"end":{}}],"line":79}},"s":{"0":5,"1":5,"2":5,"3":5,"4":5,"5":5,"6":5,"7":13,"8":5,"9":0,"10":0,"11":5,"12":0,"13":5,"14":5,"15":5,"16":5,"17":0,"18":5,"19":5,"20":5,"21":13,"22":5,"23":5,"24":5,"25":0,"26":5,"27":0,"28":5,"29":4,"30":4,"31":4,"32":4,"33":0,"34":5,"35":5,"36":5,"37":5,"38":0,"39":5,"40":5,"41":5,"42":0,"43":5,"44":5,"45":0,"46":5,"47":5,"48":5,"49":5,"50":5,"51":5,"52":0},"f":{"0":5,"1":13,"2":5,"3":13,"4":4,"5":5,"6":5},"b":{"0":[0,5],"1":[0,5],"2":[0,5],"3":[0,5],"4":[0,5]},"_coverageSchema":"1a1c01bbd47fc00a2c39e90264f33305004495a9","hash":"cfb4dd1a28a409105c03aeaaa889db16c4cf9215"}
,"C:\\Users\\stefd\\OneDrive\\Bureaublad\\School\\BabyPlanner\\src\\docs\\schemas.js": {"path":"C:\\Users\\stefd\\OneDrive\\Bureaublad\\School\\BabyPlanner\\src\\docs\\schemas.js","statementMap":{},"fnMap":{},"branchMap":{},"s":{},"f":{},"b":{},"_coverageSchema":"1a1c01bbd47fc00a2c39e90264f33305004495a9","hash":"0a6b0b14480ca3727dd0fba6548f4b454920e025"}
,"C:\\Users\\stefd\\OneDrive\\Bureaublad\\School\\BabyPlanner\\src\\docs\\swagger.js": {"path":"C:\\Users\\stefd\\OneDrive\\Bureaublad\\School\\BabyPlanner\\src\\docs\\swagger.js","statementMap":{},"fnMap":{},"branchMap":{},"s":{},"f":{},"b":{},"_coverageSchema":"1a1c01bbd47fc00a2c39e90264f33305004495a9","hash":"85b490d8ff0dac9ebd5624fb4329c91f28d613ca"}
,"C:\\Users\\stefd\\OneDrive\\Bureaublad\\School\\BabyPlanner\\src\\docs\\paths\\baby.js": {"path":"C:\\Users\\stefd\\OneDrive\\Bureaublad\\School\\BabyPlanner\\src\\docs\\paths\\baby.js","statementMap":{},"fnMap":{},"branchMap":{},"s":{},"f":{},"b":{},"_coverageSchema":"1a1c01bbd47fc00a2c39e90264f33305004495a9","hash":"54f6a1e5106b002516b7f2b2f6815d403cf39cc3"}
,"C:\\Users\\stefd\\OneDrive\\Bureaublad\\School\\BabyPlanner\\src\\docs\\paths\\contacts.js": {"path":"C:\\Users\\stefd\\OneDrive\\Bureaublad\\School\\BabyPlanner\\src\\docs\\paths\\contacts.js","statementMap":{},"fnMap":{},"branchMap":{},"s":{},"f":{},"b":{},"_coverageSchema":"1a1c01bbd47fc00a2c39e90264f33305004495a9","hash":"30aee668c176c93736e63c80250a4b1ce34fb30d"}
,"C:\\Users\\stefd\\OneDrive\\Bureaublad\\School\\BabyPlanner\\src\\docs\\paths\\groups.js": {"path":"C:\\Users\\stefd\\OneDrive\\Bureaublad\\School\\BabyPlanner\\src\\docs\\paths\\groups.js","statementMap":{},"fnMap":{},"branchMap":{},"s":{},"f":{},"b":{},"_coverageSchema":"1a1c01bbd47fc00a2c39e90264f33305004495a9","hash":"38a4e97d0861386631fe220b948b2573ed490b14"}
,"C:\\Users\\stefd\\OneDrive\\Bureaublad\\School\\BabyPlanner\\src\\docs\\paths\\index.js": {"path":"C:\\Users\\stefd\\OneDrive\\Bureaublad\\School\\BabyPlanner\\src\\docs\\paths\\index.js","statementMap":{},"fnMap":{},"branchMap":{},"s":{},"f":{},"b":{},"_coverageSchema":"1a1c01bbd47fc00a2c39e90264f33305004495a9","hash":"76c1798333e7b2393b4dec5f0f363c13ec393195"}
,"C:\\Users\\stefd\\OneDrive\\Bureaublad\\School\\BabyPlanner\\src\\docs\\paths\\user.js": {"path":"C:\\Users\\stefd\\OneDrive\\Bureaublad\\School\\BabyPlanner\\src\\docs\\paths\\user.js","statementMap":{},"fnMap":{},"branchMap":{},"s":{},"f":{},"b":{},"_coverageSchema":"1a1c01bbd47fc00a2c39e90264f33305004495a9","hash":"787fe6382ea254b55deed87490b7fe282b00921b"}
,"C:\\Users\\stefd\\OneDrive\\Bureaublad\\School\\BabyPlanner\\src\\docs\\paths\\visits.js": {"path":"C:\\Users\\stefd\\OneDrive\\Bureaublad\\School\\BabyPlanner\\src\\docs\\paths\\visits.js","statementMap":{},"fnMap":{},"branchMap":{},"s":{},"f":{},"b":{},"_coverageSchema":"1a1c01bbd47fc00a2c39e90264f33305004495a9","hash":"c32685d1143f8fc461ce0c691842d90e7c6abd0f"}
,"C:\\Users\\stefd\\OneDrive\\Bureaublad\\School\\BabyPlanner\\src\\docs\\responses\\baby.js": {"path":"C:\\Users\\stefd\\OneDrive\\Bureaublad\\School\\BabyPlanner\\src\\docs\\responses\\baby.js","statementMap":{},"fnMap":{},"branchMap":{},"s":{},"f":{},"b":{},"_coverageSchema":"1a1c01bbd47fc00a2c39e90264f33305004495a9","hash":"6051c8b76da9b1eded6196ed9e64d156fd8754ec"}
,"C:\\Users\\stefd\\OneDrive\\Bureaublad\\School\\BabyPlanner\\src\\docs\\responses\\contact.js": {"path":"C:\\Users\\stefd\\OneDrive\\Bureaublad\\School\\BabyPlanner\\src\\docs\\responses\\contact.js","statementMap":{},"fnMap":{},"branchMap":{},"s":{},"f":{},"b":{},"_coverageSchema":"1a1c01bbd47fc00a2c39e90264f33305004495a9","hash":"705d017c196b1dc9b2008f7d4f73ab911158db40"}
,"C:\\Users\\stefd\\OneDrive\\Bureaublad\\School\\BabyPlanner\\src\\docs\\responses\\group.js": {"path":"C:\\Users\\stefd\\OneDrive\\Bureaublad\\School\\BabyPlanner\\src\\docs\\responses\\group.js","statementMap":{},"fnMap":{},"branchMap":{},"s":{},"f":{},"b":{},"_coverageSchema":"1a1c01bbd47fc00a2c39e90264f33305004495a9","hash":"0b58ff013792fc944e8e25e8496f996beb1d34f7"}
,"C:\\Users\\stefd\\OneDrive\\Bureaublad\\School\\BabyPlanner\\src\\docs\\responses\\user.js": {"path":"C:\\Users\\stefd\\OneDrive\\Bureaublad\\School\\BabyPlanner\\src\\docs\\responses\\user.js","statementMap":{},"fnMap":{},"branchMap":{},"s":{},"f":{},"b":{},"_coverageSchema":"1a1c01bbd47fc00a2c39e90264f33305004495a9","hash":"ee8b7802fc3ef53909693a1486b3b1d29f87e61c"}
,"C:\\Users\\stefd\\OneDrive\\Bureaublad\\School\\BabyPlanner\\src\\docs\\responses\\visit.js": {"path":"C:\\Users\\stefd\\OneDrive\\Bureaublad\\School\\BabyPlanner\\src\\docs\\responses\\visit.js","statementMap":{},"fnMap":{},"branchMap":{},"s":{},"f":{},"b":{},"_coverageSchema":"1a1c01bbd47fc00a2c39e90264f33305004495a9","hash":"b4d3d17ea702bb77a6723363567f1569e2504ce2"}
,"C:\\Users\\stefd\\OneDrive\\Bureaublad\\School\\BabyPlanner\\src\\lib\\HandlebarsHelpers.js": {"path":"C:\\Users\\stefd\\OneDrive\\Bureaublad\\School\\BabyPlanner\\src\\lib\\HandlebarsHelpers.js","statementMap":{"0":{"start":{"line":3,"column":4},"end":{"line":3,"column":76}}},"fnMap":{"0":{"name":"(anonymous_0)","decl":{"start":{"line":2,"column":2},"end":{"line":2,"column":3}},"loc":{"start":{"line":2,"column":21},"end":{"line":4,"column":3}},"line":2}},"branchMap":{},"s":{"0":0},"f":{"0":0},"b":{},"_coverageSchema":"1a1c01bbd47fc00a2c39e90264f33305004495a9","hash":"f314bcee6a3e07473930c7ce95cee9941e5cdcf5"}
,"C:\\Users\\stefd\\OneDrive\\Bureaublad\\School\\BabyPlanner\\src\\middelware\\validation\\authRegister2.js": {"path":"C:\\Users\\stefd\\OneDrive\\Bureaublad\\School\\BabyPlanner\\src\\middelware\\validation\\authRegister2.js","statementMap":{},"fnMap":{},"branchMap":{},"s":{},"f":{},"b":{},"_coverageSchema":"1a1c01bbd47fc00a2c39e90264f33305004495a9","hash":"64cc1cc3c7a94dd0fb9a2947850024958adf01de"}
,"C:\\Users\\stefd\\OneDrive\\Bureaublad\\School\\BabyPlanner\\src\\middelware\\validation\\authentication.js": {"path":"C:\\Users\\stefd\\OneDrive\\Bureaublad\\School\\BabyPlanner\\src\\middelware\\validation\\authentication.js","statementMap":{},"fnMap":{},"branchMap":{},"s":{},"f":{},"b":{},"_coverageSchema":"1a1c01bbd47fc00a2c39e90264f33305004495a9","hash":"84f82b0dc8cb27e6b11ffe4927c0950fd56cf887"}
,"C:\\Users\\stefd\\OneDrive\\Bureaublad\\School\\BabyPlanner\\src\\models\\Baby.js": {"path":"C:\\Users\\stefd\\OneDrive\\Bureaublad\\School\\BabyPlanner\\src\\models\\Baby.js","statementMap":{"0":{"start":{"line":3,"column":25},"end":{"line":3,"column":32}}},"fnMap":{},"branchMap":{},"s":{"0":5},"f":{},"b":{},"_coverageSchema":"1a1c01bbd47fc00a2c39e90264f33305004495a9","hash":"c352e331d2924f3e38c6d1c0af63056ebd2cb89f"}
,"C:\\Users\\stefd\\OneDrive\\Bureaublad\\School\\BabyPlanner\\src\\models\\Contact.js": {"path":"C:\\Users\\stefd\\OneDrive\\Bureaublad\\School\\BabyPlanner\\src\\models\\Contact.js","statementMap":{"0":{"start":{"line":3,"column":25},"end":{"line":3,"column":32}}},"fnMap":{},"branchMap":{},"s":{"0":5},"f":{},"b":{},"_coverageSchema":"1a1c01bbd47fc00a2c39e90264f33305004495a9","hash":"73a6231ee1b4eee6b4d12cfb66b9e0ab8ecb497f"}
,"C:\\Users\\stefd\\OneDrive\\Bureaublad\\School\\BabyPlanner\\src\\models\\Group.js": {"path":"C:\\Users\\stefd\\OneDrive\\Bureaublad\\School\\BabyPlanner\\src\\models\\Group.js","statementMap":{"0":{"start":{"line":3,"column":25},"end":{"line":3,"column":32}}},"fnMap":{},"branchMap":{},"s":{"0":5},"f":{},"b":{},"_coverageSchema":"1a1c01bbd47fc00a2c39e90264f33305004495a9","hash":"6f345f4087d5724f54bdb735ca772dd802b11152"}
,"C:\\Users\\stefd\\OneDrive\\Bureaublad\\School\\BabyPlanner\\src\\models\\User.js": {"path":"C:\\Users\\stefd\\OneDrive\\Bureaublad\\School\\BabyPlanner\\src\\models\\User.js","statementMap":{"0":{"start":{"line":3,"column":25},"end":{"line":3,"column":32}}},"fnMap":{},"branchMap":{},"s":{"0":5},"f":{},"b":{},"_coverageSchema":"1a1c01bbd47fc00a2c39e90264f33305004495a9","hash":"bddd594979e84a8918b8359483acce431550b10d"}
,"C:\\Users\\stefd\\OneDrive\\Bureaublad\\School\\BabyPlanner\\src\\models\\UserMeta.js": {"path":"C:\\Users\\stefd\\OneDrive\\Bureaublad\\School\\BabyPlanner\\src\\models\\UserMeta.js","statementMap":{"0":{"start":{"line":3,"column":25},"end":{"line":3,"column":32}}},"fnMap":{},"branchMap":{},"s":{"0":5},"f":{},"b":{},"_coverageSchema":"1a1c01bbd47fc00a2c39e90264f33305004495a9","hash":"464622e3957a16f04ed131268551e3a57d59221d"}
,"C:\\Users\\stefd\\OneDrive\\Bureaublad\\School\\BabyPlanner\\src\\models\\Visit.js": {"path":"C:\\Users\\stefd\\OneDrive\\Bureaublad\\School\\BabyPlanner\\src\\models\\Visit.js","statementMap":{"0":{"start":{"line":3,"column":25},"end":{"line":3,"column":32}}},"fnMap":{},"branchMap":{},"s":{"0":5},"f":{},"b":{},"_coverageSchema":"1a1c01bbd47fc00a2c39e90264f33305004495a9","hash":"c87d788e84fef0009571271da5470f76e2dde3ef"}
,"C:\\Users\\stefd\\OneDrive\\Bureaublad\\School\\BabyPlanner\\src\\models\\index.js": {"path":"C:\\Users\\stefd\\OneDrive\\Bureaublad\\School\\BabyPlanner\\src\\models\\index.js","statementMap":{},"fnMap":{},"branchMap":{},"s":{},"f":{},"b":{},"_coverageSchema":"1a1c01bbd47fc00a2c39e90264f33305004495a9","hash":"d0284ea4311c62f092145618926161b714b97790"}
}
