TN:
SF:src\app.js
FN:79,(anonymous_0)
FN:80,(anonymous_1)
FN:83,(anonymous_2)
FN:86,(anonymous_3)
FN:89,(anonymous_4)
FN:90,(anonymous_5)
FN:93,(anonymous_6)
FN:94,(anonymous_7)
FN:97,(anonymous_8)
FN:100,(anonymous_9)
FN:101,(anonymous_10)
FN:104,(anonymous_11)
FN:105,(anonymous_12)
FN:108,(anonymous_13)
FN:113,(anonymous_14)
FN:114,(anonymous_15)
FN:117,(anonymous_16)
FN:118,(anonymous_17)
FN:121,(anonymous_18)
FN:126,(anonymous_19)
FN:129,(anonymous_20)
FN:132,(anonymous_21)
FN:135,(anonymous_22)
FN:138,(anonymous_23)
FNF:24
FNH:24
FNDA:1,(anonymous_0)
FNDA:1,(anonymous_1)
FNDA:1,(anonymous_2)
FNDA:1,(anonymous_3)
FNDA:1,(anonymous_4)
FNDA:1,(anonymous_5)
FNDA:1,(anonymous_6)
FNDA:1,(anonymous_7)
FNDA:1,(anonymous_8)
FNDA:1,(anonymous_9)
FNDA:1,(anonymous_10)
FNDA:1,(anonymous_11)
FNDA:1,(anonymous_12)
FNDA:1,(anonymous_13)
FNDA:1,(anonymous_14)
FNDA:1,(anonymous_15)
FNDA:1,(anonymous_16)
FNDA:1,(anonymous_17)
FNDA:1,(anonymous_18)
FNDA:1,(anonymous_19)
FNDA:1,(anonymous_20)
FNDA:1,(anonymous_21)
FNDA:1,(anonymous_22)
FNDA:1,(anonymous_23)
DA:36,5
DA:38,5
DA:40,5
DA:42,5
DA:49,5
DA:52,5
DA:56,5
DA:57,5
DA:58,5
DA:60,5
DA:61,5
DA:64,5
DA:65,5
DA:66,5
DA:67,5
DA:68,5
DA:69,5
DA:70,5
DA:71,5
DA:72,5
DA:73,5
DA:74,5
DA:75,5
DA:76,5
DA:79,5
DA:80,5
DA:81,1
DA:83,5
DA:84,1
DA:86,5
DA:89,5
DA:90,5
DA:91,1
DA:93,5
DA:94,5
DA:95,1
DA:97,5
DA:100,5
DA:101,5
DA:102,1
DA:104,5
DA:105,5
DA:106,1
DA:108,5
DA:109,1
DA:113,5
DA:114,5
DA:115,1
DA:117,5
DA:118,5
DA:119,1
DA:121,5
DA:122,1
DA:126,5
DA:127,1
DA:129,5
DA:130,1
DA:132,5
DA:133,1
DA:135,5
DA:136,1
DA:138,5
DA:139,1
LF:63
LH:63
BRF:0
BRH:0
end_of_record
TN:
SF:src\consts.js
FNF:0
FNH:0
DA:5,5
LF:1
LH:1
BRF:0
BRH:0
end_of_record
TN:
SF:src\controllers\authentication.js
FN:1,(anonymous_0)
FNF:1
FNH:0
FNDA:0,(anonymous_0)
DA:1,5
DA:4,0
LF:2
LH:1
BRF:0
BRH:0
end_of_record
TN:
SF:src\controllers\familySettings.js
FN:1,(anonymous_0)
FNF:1
FNH:0
FNDA:0,(anonymous_0)
DA:1,5
DA:2,0
LF:2
LH:1
BRF:0
BRH:0
end_of_record
TN:
SF:src\controllers\group-name.js
FN:1,(anonymous_0)
FNF:1
FNH:0
FNDA:0,(anonymous_0)
DA:1,5
DA:2,0
LF:2
LH:1
BRF:0
BRH:0
end_of_record
TN:
SF:src\controllers\home.js
FN:1,(anonymous_0)
FNF:1
FNH:0
FNDA:0,(anonymous_0)
DA:1,5
DA:2,0
DA:13,0
DA:22,0
DA:28,0
LF:5
LH:1
BRF:0
BRH:0
end_of_record
TN:
SF:src\controllers\import-contacts.js
FN:1,(anonymous_0)
FNF:1
FNH:0
FNDA:0,(anonymous_0)
DA:1,5
DA:2,0
LF:2
LH:1
BRF:0
BRH:0
end_of_record
TN:
SF:src\controllers\login.js
FN:6,(anonymous_0)
FN:52,(anonymous_1)
FNF:2
FNH:0
FNDA:0,(anonymous_0)
FNDA:0,(anonymous_1)
DA:6,5
DA:7,0
DA:8,0
DA:9,0
DA:13,0
DA:16,0
DA:46,0
DA:52,5
DA:53,0
DA:64,0
DA:66,0
DA:69,0
DA:71,0
DA:72,0
DA:73,0
DA:77,0
DA:79,0
DA:80,0
DA:81,0
DA:85,0
DA:92,0
DA:95,0
DA:97,0
LF:23
LH:2
BRDA:7,0,0,0
BRDA:7,0,1,0
BRDA:13,1,0,0
BRDA:13,1,1,0
BRDA:23,2,0,0
BRDA:23,2,1,0
BRDA:24,3,0,0
BRDA:24,3,1,0
BRDA:30,4,0,0
BRDA:30,4,1,0
BRDA:31,5,0,0
BRDA:31,5,1,0
BRDA:71,6,0,0
BRDA:71,6,1,0
BRDA:79,7,0,0
BRDA:79,7,1,0
BRF:16
BRH:0
end_of_record
TN:
SF:src\controllers\register-1.js
FN:5,(anonymous_0)
FN:87,(anonymous_1)
FN:94,(anonymous_2)
FNF:3
FNH:1
FNDA:0,(anonymous_0)
FNDA:1,(anonymous_1)
FNDA:0,(anonymous_2)
DA:5,5
DA:7,0
DA:10,0
DA:81,0
DA:87,5
DA:88,1
DA:89,1
DA:91,1
DA:92,0
DA:94,0
DA:95,0
DA:97,0
DA:99,1
DA:101,1
DA:105,1
DA:106,0
DA:107,0
DA:111,1
DA:114,1
DA:126,1
DA:129,0
LF:21
LH:11
BRDA:7,0,0,0
BRDA:7,0,1,0
BRDA:18,1,0,0
BRDA:18,1,1,0
BRDA:19,2,0,0
BRDA:19,2,1,0
BRDA:28,3,0,0
BRDA:28,3,1,0
BRDA:29,4,0,0
BRDA:29,4,1,0
BRDA:38,5,0,0
BRDA:38,5,1,0
BRDA:39,6,0,0
BRDA:39,6,1,0
BRDA:48,7,0,0
BRDA:48,7,1,0
BRDA:49,8,0,0
BRDA:49,8,1,0
BRDA:58,9,0,0
BRDA:58,9,1,0
BRDA:59,10,0,0
BRDA:59,10,1,0
BRDA:68,11,0,0
BRDA:68,11,1,0
BRDA:69,12,0,0
BRDA:69,12,1,0
BRDA:91,13,0,0
BRDA:91,13,1,1
BRDA:105,14,0,0
BRDA:105,14,1,1
BRF:30
BRH:2
end_of_record
TN:
SF:src\controllers\register-2.js
FN:4,(anonymous_0)
FN:37,(anonymous_1)
FN:43,(anonymous_2)
FNF:3
FNH:0
FNDA:0,(anonymous_0)
FNDA:0,(anonymous_1)
FNDA:0,(anonymous_2)
DA:4,5
DA:6,0
DA:9,0
DA:31,0
DA:37,5
DA:38,0
DA:40,0
DA:41,0
DA:43,0
DA:44,0
DA:46,0
DA:48,0
DA:49,0
DA:50,0
DA:51,0
DA:52,0
DA:55,0
DA:61,0
DA:64,0
LF:19
LH:2
BRDA:6,0,0,0
BRDA:6,0,1,0
BRDA:40,1,0,0
BRDA:40,1,1,0
BRF:4
BRH:0
end_of_record
TN:
SF:src\controllers\selectContacts.js
FN:1,(anonymous_0)
FNF:1
FNH:0
FNDA:0,(anonymous_0)
DA:1,5
DA:4,0
LF:2
LH:1
BRF:0
BRH:0
end_of_record
TN:
SF:src\controllers\start.js
FN:1,(anonymous_0)
FNF:1
FNH:0
FNDA:0,(anonymous_0)
DA:1,5
DA:4,0
LF:2
LH:1
BRF:0
BRH:0
end_of_record
TN:
SF:src\controllers\validate-account.js
FN:1,(anonymous_0)
FNF:1
FNH:0
FNDA:0,(anonymous_0)
DA:1,5
DA:4,0
LF:2
LH:1
BRF:0
BRH:0
end_of_record
TN:
SF:src\controllers\api\object.js
FN:5,(anonymous_0)
FN:12,(anonymous_1)
FN:34,(anonymous_2)
FN:44,(anonymous_3)
FN:59,(anonymous_4)
FN:71,(anonymous_5)
FN:87,(anonymous_6)
FNF:7
FNH:7
FNDA:5,(anonymous_0)
FNDA:13,(anonymous_1)
FNDA:5,(anonymous_2)
FNDA:13,(anonymous_3)
FNDA:4,(anonymous_4)
FNDA:5,(anonymous_5)
FNDA:5,(anonymous_6)
DA:3,5
DA:5,5
DA:6,5
DA:8,5
DA:10,5
DA:11,5
DA:12,13
DA:13,5
DA:14,0
DA:16,0
DA:24,5
DA:30,0
DA:34,5
DA:35,5
DA:37,5
DA:39,5
DA:42,5
DA:43,5
DA:44,13
DA:45,5
DA:47,5
DA:52,5
DA:53,5
DA:55,0
DA:59,5
DA:60,4
DA:62,4
DA:64,4
DA:65,4
DA:67,0
DA:71,5
DA:72,5
DA:73,5
DA:74,5
DA:75,5
DA:76,5
DA:79,5
DA:80,5
DA:81,5
DA:83,0
DA:87,5
DA:88,5
DA:89,5
DA:90,5
DA:93,5
DA:97,5
DA:99,0
LF:47
LH:40
BRDA:13,0,0,0
BRDA:13,0,1,5
BRDA:39,1,0,0
BRDA:39,1,1,5
BRDA:52,2,0,0
BRDA:52,2,1,5
BRDA:74,3,0,0
BRDA:74,3,1,5
BRDA:79,4,0,0
BRDA:79,4,1,5
BRF:10
BRH:5
end_of_record
TN:
SF:src\docs\schemas.js
FNF:0
FNH:0
LF:0
LH:0
BRF:0
BRH:0
end_of_record
TN:
SF:src\docs\swagger.js
FNF:0
FNH:0
LF:0
LH:0
BRF:0
BRH:0
end_of_record
TN:
SF:src\docs\paths\baby.js
FNF:0
FNH:0
LF:0
LH:0
BRF:0
BRH:0
end_of_record
TN:
SF:src\docs\paths\contacts.js
FNF:0
FNH:0
LF:0
LH:0
BRF:0
BRH:0
end_of_record
TN:
SF:src\docs\paths\groups.js
FNF:0
FNH:0
LF:0
LH:0
BRF:0
BRH:0
end_of_record
TN:
SF:src\docs\paths\index.js
FNF:0
FNH:0
LF:0
LH:0
BRF:0
BRH:0
end_of_record
TN:
SF:src\docs\paths\user.js
FNF:0
FNH:0
LF:0
LH:0
BRF:0
BRH:0
end_of_record
TN:
SF:src\docs\paths\visits.js
FNF:0
FNH:0
LF:0
LH:0
BRF:0
BRH:0
end_of_record
TN:
SF:src\docs\responses\baby.js
FNF:0
FNH:0
LF:0
LH:0
BRF:0
BRH:0
end_of_record
TN:
SF:src\docs\responses\contact.js
FNF:0
FNH:0
LF:0
LH:0
BRF:0
BRH:0
end_of_record
TN:
SF:src\docs\responses\group.js
FNF:0
FNH:0
LF:0
LH:0
BRF:0
BRH:0
end_of_record
TN:
SF:src\docs\responses\user.js
FNF:0
FNH:0
LF:0
LH:0
BRF:0
BRH:0
end_of_record
TN:
SF:src\docs\responses\visit.js
FNF:0
FNH:0
LF:0
LH:0
BRF:0
BRH:0
end_of_record
TN:
SF:src\lib\HandlebarsHelpers.js
FN:2,(anonymous_0)
FNF:1
FNH:0
FNDA:0,(anonymous_0)
DA:3,0
LF:1
LH:0
BRF:0
BRH:0
end_of_record
TN:
SF:src\middelware\validation\authRegister2.js
FNF:0
FNH:0
LF:0
LH:0
BRF:0
BRH:0
end_of_record
TN:
SF:src\middelware\validation\authentication.js
FNF:0
FNH:0
LF:0
LH:0
BRF:0
BRH:0
end_of_record
TN:
SF:src\models\Baby.js
FNF:0
FNH:0
DA:3,5
LF:1
LH:1
BRF:0
BRH:0
end_of_record
TN:
SF:src\models\Contact.js
FNF:0
FNH:0
DA:3,5
LF:1
LH:1
BRF:0
BRH:0
end_of_record
TN:
SF:src\models\Group.js
FNF:0
FNH:0
DA:3,5
LF:1
LH:1
BRF:0
BRH:0
end_of_record
TN:
SF:src\models\User.js
FNF:0
FNH:0
DA:3,5
LF:1
LH:1
BRF:0
BRH:0
end_of_record
TN:
SF:src\models\UserMeta.js
FNF:0
FNH:0
DA:3,5
LF:1
LH:1
BRF:0
BRH:0
end_of_record
TN:
SF:src\models\Visit.js
FNF:0
FNH:0
DA:3,5
LF:1
LH:1
BRF:0
BRH:0
end_of_record
TN:
SF:src\models\index.js
FNF:0
FNH:0
LF:0
LH:0
BRF:0
BRH:0
end_of_record
